Base path: C:/Program Files (x86)/Unity/Editor/Data
Pipe name: \\.\pipe\UnityShaderCompiler-3-2868
Cmd: getPlatforms
Cmd: compileSnippet
  api=1 type=0 insize=4871 outsize=595 kw=DIRECTIONAL SHADOWS_OFF LIGHTMAP_OFF DIRLIGHTMAP_OFF ok=1
Cmd: compileSnippet
  api=1 type=0 insize=4871 outsize=719 kw=DIRECTIONAL SHADOWS_SCREEN LIGHTMAP_OFF DIRLIGHTMAP_OFF ok=1
Cmd: compileSnippet
  api=1 type=0 insize=4871 outsize=319 kw=DIRECTIONAL SHADOWS_SCREEN LIGHTMAP_ON DIRLIGHTMAP_OFF ok=1
Cmd: compileSnippet
  api=0 type=0 insize=4871 outsize=1566 kw=DIRECTIONAL SHADOWS_OFF LIGHTMAP_OFF DIRLIGHTMAP_OFF VERTEXLIGHT_ON ok=1
Cmd: compileSnippet
  api=4 type=0 insize=4871 outsize=4719 kw=DIRECTIONAL SHADOWS_SCREEN LIGHTMAP_OFF DIRLIGHTMAP_OFF VERTEXLIGHT_ON ok=1
Cmd: compileSnippet
  api=1 type=1 insize=4871 outsize=345 kw=DIRECTIONAL SHADOWS_OFF LIGHTMAP_OFF DIRLIGHTMAP_OFF ok=1
Cmd: compileSnippet
  api=8 type=1 insize=4871 outsize=2690 kw=DIRECTIONAL SHADOWS_SCREEN LIGHTMAP_OFF DIRLIGHTMAP_OFF ok=1
Cmd: compileSnippet
  api=1 type=0 insize=2847 outsize=383 kw=POINT ok=1
Cmd: compileSnippet
  api=1 type=0 insize=2847 outsize=253 kw=DIRECTIONAL ok=1
Cmd: compileSnippet
  api=4 type=0 insize=2847 outsize=2875 kw=SPOT ok=1
Cmd: compileSnippet
  api=1 type=0 insize=2847 outsize=383 kw=POINT_COOKIE ok=1
Cmd: compileSnippet
  api=1 type=0 insize=2847 outsize=359 kw=DIRECTIONAL_COOKIE ok=1
Cmd: compileSnippet
  api=1 type=1 insize=2847 outsize=538 kw=POINT ok=1
Cmd: compileSnippet
  api=8 type=1 insize=2847 outsize=3332 kw=SPOT ok=1
Cmd: compileSnippet
  api=1 type=1 insize=2847 outsize=398 kw=DIRECTIONAL_COOKIE ok=1
Cmd: compileSnippet
  api=1 type=0 insize=867 outsize=316 kw= ok=1
Cmd: compileSnippet
  api=1 type=0 insize=1135 outsize=272 kw= ok=1
Cmd: compileSnippet
  api=1 type=1 insize=1135 outsize=192 kw= ok=1
Unhandled exception: Readfile from pipe failed. GLE=The pipe has been ended.


Quitting shader compiler process
